[2026-04-29 15:42:38] [System] [SERVER ONLINE]
[2026-04-29 15:42:50] [System] [User 'mife' connected]
[2026-04-29 15:43:14] [System] [User 'lize' connected]
[2026-04-29 15:43:47] [User] [[lize]: hola mife]
[2026-04-29 15:43:54] [User] [[mife]: hola juga lize]
[2026-04-29 15:44:03] [User] [[mife]: kamu lagi ngapain?]
[2026-04-29 15:44:20] [User] [[lize]: eumm, ga lagi ngapa-ngapain sih]
[2026-04-29 15:44:29] [User] [[lize]: kalau kamu lagi ngapain?]
[2026-04-29 15:44:51] [User] [[mife]: aku sih lagi ngerjain soal shift sisop, kamu jangan lupa ngerjain ya]
[2026-04-29 15:44:55] [User] [[lize]: okeayy siap]
[2026-04-29 15:45:47] [User] [[lize]: exit]
[2026-04-29 15:45:53] [System] [User 'lize' disconnected]
[2026-04-29 15:46:23] [System] [User 'The Knight' connected]
[2026-04-29 15:46:33] [System] [User 'The Knight' disconnected]
[2026-04-29 15:47:26] [System] [User 'The Knights' connected]
[2026-04-29 15:47:37] [Admin] [RPC_GET_USERS]
[2026-04-29 15:47:43] [Admin] [RPC_GET_UPTIME]
[2026-04-29 15:47:56] [Admin] [RPC_SHUTDOWN]
[2026-04-29 15:47:56] [System] [EMERGENCY SHUTDOWN INITIATED]
[2026-04-29 15:53:51] [System] [SERVER ONLINE]
[2026-04-29 15:54:15] [System] [User 'the knights' connected]
[2026-04-29 15:54:24] [System] [User 'the knights' disconnected]
[2026-04-29 15:54:45] [System] [User 'The Knights' connected]
[2026-04-29 15:54:56] [System] [User 'mife' connected]
[2026-04-29 15:54:59] [User] [[mife]: ola ola]
[2026-04-29 15:55:12] [System] [User 'ji' connected]
[2026-04-29 15:55:15] [User] [[ji]: test]
[2026-04-29 15:55:43] [System] [User 'liz' connected]
[2026-04-29 15:55:50] [User] [[liz]: test]
[2026-04-29 15:55:52] [User] [[liz]: olala]
[2026-04-29 15:55:58] [User] [[mife]: okeh]
[2026-04-29 15:56:01] [User] [[ji]: test]
[2026-04-29 15:56:08] [Admin] [RPC_GET_USERS]
[2026-04-29 15:56:16] [System] [User 'The Knights' disconnected]
[2026-04-29 15:56:28] [System] [User 'the knights' connected]
[2026-04-29 15:56:35] [System] [User 'the knights' disconnected]
[2026-04-29 15:56:49] [System] [User 'The Knights' connected]
[2026-04-29 15:56:56] [Admin] [RPC_SHUTDOWN]
[2026-04-29 15:56:56] [System] [EMERGENCY SHUTDOWN INITIATED]
[2026-04-29 18:58:03] [System] [SERVER ONLINE]
[2026-04-29 18:58:29] [System] [User 'The Knights' connected]
[2026-04-29 18:58:43] [System] [User 'liu' connected]
[2026-04-29 18:58:49] [User] [[liu]: low]
[2026-04-29 18:58:51] [User] [[liu]: high]
[2026-04-29 18:58:54] [Admin] [RPC_GET_USERS]
[2026-04-29 18:58:58] [Admin] [RPC_GET_UPTIME]
[2026-04-29 18:59:22] [System] [User 'The Knights' disconnected]
[2026-04-29 18:59:35] [System] [User 'The Knights' connected]
[2026-04-29 18:59:37] [System] [User 'The Knights' disconnected]
[2026-04-29 18:59:58] [System] [User 'The Knights' connected]
[2026-04-29 19:00:00] [User] [[liu]: ss]
[2026-04-29 19:00:01] [User] [[liu]: ss]
[2026-04-29 19:00:14] [System] [User 'piu' connected]
[2026-04-29 19:00:17] [User] [[piu]: hhs]
[2026-04-29 19:00:18] [User] [[piu]: s]
[2026-04-29 19:00:18] [User] [[piu]: s]
[2026-04-29 19:00:21] [User] [[liu]: e]
[2026-04-29 19:00:29] [Admin] [RPC_SHUTDOWN]
[2026-04-29 19:00:29] [System] [EMERGENCY SHUTDOWN INITIATED]
